#
# There is insufficient memory for the Java Runtime Environment to continue.
# Native memory allocation (malloc) failed to allocate 1048576 bytes. Error detail: AllocateHeap
# Possible reasons:
#   The system is out of physical RAM or swap space
#   This process is running with CompressedOops enabled, and the Java Heap may be blocking the growth of the native heap
# Possible solutions:
#   Reduce memory load on the system
#   Increase physical memory or swap space
#   Check if swap backing store is full
#   Decrease Java heap size (-Xmx/-Xms)
#   Decrease number of Java threads
#   Decrease Java thread stack sizes (-Xss)
#   Set larger code cache with -XX:ReservedCodeCacheSize=
#   JVM is running with Zero Based Compressed Oops mode in which the Java heap is
#     placed in the first 32GB address space. The Java Heap base address is the
#     maximum limit for the native heap growth. Please use -XX:HeapBaseMinAddress
#     to set the Java Heap base and to place the Java Heap above 32GB virtual address.
# This output file may be truncated or incomplete.
#
#  Out of Memory Error (allocation.cpp:44), pid=4796, tid=14064
#
# JRE version:  (21.0.8+9) (build )
# Java VM: OpenJDK 64-Bit Server VM (21.0.8+9-b1163.69, mixed mode, sharing, tiered, compressed oops, compressed class ptrs, g1 gc, windows-amd64)
# No core dump will be written. Minidumps are not enabled by default on client versions of Windows
#

---------------  S U M M A R Y ------------

Command Line: git4idea.http.GitAskPassApp Username for 'https://github.com': 

Host: 12th Gen Intel(R) Core(TM) i7-12650H, 16 cores, 15G,  Windows 11 , 64 bit Build 26100 (10.0.26100.7309)
Time: Sun Dec 28 21:27:52 2025 elapsed time: 2.088012 seconds (0d 0h 0m 2s)

---------------  T H R E A D  ---------------

Current thread (0x0000021882a55f30):  JavaThread "Unknown thread" [_thread_in_vm, id=14064, stack(0x000000dfe6900000,0x000000dfe6a00000) (1024K)]

Stack: [0x000000dfe6900000,0x000000dfe6a00000]
Native frames: (J=compiled Java code, j=interpreted, Vv=VM code, C=native code)
V  [jvm.dll+0x6ebf99]
V  [jvm.dll+0x8cbfa3]
V  [jvm.dll+0x8ce55e]
V  [jvm.dll+0x8cec43]
V  [jvm.dll+0x28adf6]
V  [jvm.dll+0xc16b7]
V  [jvm.dll+0x3416b5]
V  [jvm.dll+0x339d91]
V  [jvm.dll+0x893429]
V  [jvm.dll+0x3cda98]
V  [jvm.dll+0x87c448]
V  [jvm.dll+0x46283e]
V  [jvm.dll+0x464521]
C  [jli.dll+0x52ab]
C  [ucrtbase.dll+0x37b0]
C  [KERNEL32.DLL+0x2e8d7]
C  [ntdll.dll+0x8c53c]


---------------  P R O C E S S  ---------------

Threads class SMR info:
_java_thread_list=0x00007ff8bc0e42c8, length=0, elements={
}

Java Threads: ( => current thread )
Total: 0

Other Threads:
  0x0000021884fe5a00 WorkerThread "GC Thread#0"                     [id=6580, stack(0x000000dfe6a00000,0x000000dfe6b00000) (1024K)]

[error occurred during error reporting (printing all threads), id 0xc0000005, EXCEPTION_ACCESS_VIOLATION (0xc0000005) at pc=0x00007ff8bb7c62a0]
VM state: not at safepoint (not fully initialized)

VM Mutex/Monitor currently owned by a thread:  ([mutex/lock_event])
[0x00007ff8bc158d58] Heap_lock - owner thread: 0x0000021882a55f30

Heap address: 0x0000000704a00000, size: 4022 MB, Compressed Oops mode: Zero based, Oop shift amount: 3

CDS archive(s) mapped at: [0x0000000000000000-0x0000000000000000-0x0000000000000000), size 0, SharedBaseAddress: 0x0000000800000000, ArchiveRelocationMode: 1.
Narrow klass base: 0x0000000000000000, Narrow klass shift: 0, Narrow klass range: 0x0

GC Precious Log:
 CardTable entry size: 512
 Card Set container configuration: InlinePtr #cards 4 size 8 Array Of Cards #cards 16 size 48 Howl #buckets 8 coarsen threshold 3686 Howl Bitmap #cards 512 size 80 coarsen threshold 460 Card regions per heap region 1 cards per card region 4096

Heap:
 garbage-first heap   total 0K, used 0K [0x0000000704a00000, 0x0000000800000000)
  region size 2048K, 0 young (0K), 0 survivors (0K)
 Metaspace       used 0K, committed 0K, reserved 0K
  class space    used 0K, committed 0K, reserved 0K

Heap Regions: E=young(eden), S=young(survivor), O=old, HS=humongous(starts), HC=humongous(continues), CS=collection set, F=free, TAMS=top-at-mark-start, PB=parsable bottom

Card table byte_map: [0x0000021899030000,0x0000021899810000] _byte_map_base: 0x000002189580b000

GC Heap History (0 events):
No events

Dll operation events (1 events):
Event: 0.025 Loaded shared library E:\intellij\IntelliJ IDEA 2025.3\jbr\bin\java.dll

Deoptimization events (0 events):
No events

Classes loaded (0 events):
No events

Classes unloaded (0 events):
No events

Classes redefined (0 events):
No events

Internal exceptions (0 events):
No events

ZGC Phase Switch (0 events):
No events

VM Operations (0 events):
No events

Memory protections (0 events):
No events

Nmethod flushes (0 events):
No events

Events (0 events):
No events


Dynamic libraries:
0x00007ff7e7de0000 - 0x00007ff7e7dea000 	E:\intellij\IntelliJ IDEA 2025.3\jbr\bin\java.exe
0x00007ff94c6e0000 - 0x00007ff94c947000 	C:\WINDOWS\SYSTEM32\ntdll.dll
0x00007ff94b2f0000 - 0x00007ff94b3b9000 	C:\WINDOWS\System32\KERNEL32.DLL
0x00007ff949980000 - 0x00007ff949d6f000 	C:\WINDOWS\System32\KERNELBASE.dll
0x00007ff949830000 - 0x00007ff94997b000 	C:\WINDOWS\System32\ucrtbase.dll
0x00007ff907d10000 - 0x00007ff907d28000 	E:\intellij\IntelliJ IDEA 2025.3\jbr\bin\jli.dll
0x00007ff8f47a0000 - 0x00007ff8f47bb000 	E:\intellij\IntelliJ IDEA 2025.3\jbr\bin\VCRUNTIME140.dll
0x00007ff94aad0000 - 0x00007ff94ac95000 	C:\WINDOWS\System32\USER32.dll
0x00007ff92ae80000 - 0x00007ff92b113000 	C:\WINDOWS\WinSxS\amd64_microsoft.windows.common-controls_6595b64144ccf1df_6.0.26100.7309_none_3e05feeae336a044\COMCTL32.dll
0x00007ff94a180000 - 0x00007ff94a1a7000 	C:\WINDOWS\System32\win32u.dll
0x00007ff94bc80000 - 0x00007ff94bd29000 	C:\WINDOWS\System32\msvcrt.dll
0x00007ff94bbf0000 - 0x00007ff94bc1b000 	C:\WINDOWS\System32\GDI32.dll
0x00007ff949ef0000 - 0x00007ff94a01c000 	C:\WINDOWS\System32\gdi32full.dll
0x00007ff94a0d0000 - 0x00007ff94a173000 	C:\WINDOWS\System32\msvcp_win.dll
0x00007ff94a5d0000 - 0x00007ff94a601000 	C:\WINDOWS\System32\IMM32.DLL
0x00007ff8f47c0000 - 0x00007ff8f47cc000 	E:\intellij\IntelliJ IDEA 2025.3\jbr\bin\vcruntime140_1.dll
0x00007ff8ff250000 - 0x00007ff8ff2dd000 	E:\intellij\IntelliJ IDEA 2025.3\jbr\bin\msvcp140.dll
0x00007ff8bb480000 - 0x00007ff8bc24c000 	E:\intellij\IntelliJ IDEA 2025.3\jbr\bin\server\jvm.dll
0x00007ff94a500000 - 0x00007ff94a5b4000 	C:\WINDOWS\System32\ADVAPI32.dll
0x00007ff94a610000 - 0x00007ff94a6b6000 	C:\WINDOWS\System32\sechost.dll
0x00007ff94bdb0000 - 0x00007ff94bec8000 	C:\WINDOWS\System32\RPCRT4.dll
0x00007ff94bd30000 - 0x00007ff94bda4000 	C:\WINDOWS\System32\WS2_32.dll
0x00007ff9486b0000 - 0x00007ff94870e000 	C:\WINDOWS\SYSTEM32\POWRPROF.dll
0x00007ff93e340000 - 0x00007ff93e34b000 	C:\WINDOWS\SYSTEM32\VERSION.dll
0x00007ff93b430000 - 0x00007ff93b465000 	C:\WINDOWS\SYSTEM32\WINMM.dll
0x00007ff948670000 - 0x00007ff948684000 	C:\WINDOWS\SYSTEM32\UMPDC.dll
0x00007ff948690000 - 0x00007ff9486ab000 	C:\WINDOWS\SYSTEM32\kernel.appcore.dll
0x00007ff8f4790000 - 0x00007ff8f479a000 	E:\intellij\IntelliJ IDEA 2025.3\jbr\bin\jimage.dll
0x00007ff946ea0000 - 0x00007ff9470e2000 	C:\WINDOWS\SYSTEM32\DBGHELP.DLL
0x00007ff94a740000 - 0x00007ff94aac5000 	C:\WINDOWS\System32\combase.dll
0x00007ff94aea0000 - 0x00007ff94af76000 	C:\WINDOWS\System32\OLEAUT32.dll
0x00007ff91a240000 - 0x00007ff91a27c000 	C:\WINDOWS\SYSTEM32\dbgcore.DLL
0x00007ff94a020000 - 0x00007ff94a0c5000 	C:\WINDOWS\System32\bcryptPrimitives.dll
0x00007ff8f4770000 - 0x00007ff8f4790000 	E:\intellij\IntelliJ IDEA 2025.3\jbr\bin\java.dll

JVMTI agents: none

dbghelp: loaded successfully - version: 4.0.5 - missing functions: none
symbol engine: initialized successfully - sym options: 0x614 - pdb path: .;E:\intellij\IntelliJ IDEA 2025.3\jbr\bin;C:\WINDOWS\SYSTEM32;C:\WINDOWS\WinSxS\amd64_microsoft.windows.common-controls_6595b64144ccf1df_6.0.26100.7309_none_3e05feeae336a044;E:\intellij\IntelliJ IDEA 2025.3\jbr\bin\server

VM Arguments:
java_command: git4idea.http.GitAskPassApp Username for 'https://github.com': 
java_class_path (initial): E:/intellij/IntelliJ IDEA 2025.3/plugins/vcs-git/lib/git4idea-rt.jar;E:/intellij/IntelliJ IDEA 2025.3/lib/externalProcess-rt.jar
Launcher Type: SUN_STANDARD

[Global flags]
     intx CICompilerCount                          = 12                                        {product} {ergonomic}
     uint ConcGCThreads                            = 3                                         {product} {ergonomic}
     uint G1ConcRefinementThreads                  = 13                                        {product} {ergonomic}
   size_t G1HeapRegionSize                         = 2097152                                   {product} {ergonomic}
    uintx GCDrainStackTargetSize                   = 64                                        {product} {ergonomic}
   size_t InitialHeapSize                          = 264241152                                 {product} {ergonomic}
   size_t MarkStackSize                            = 4194304                                   {product} {ergonomic}
   size_t MaxHeapSize                              = 4217372672                                {product} {ergonomic}
   size_t MinHeapDeltaBytes                        = 2097152                                   {product} {ergonomic}
   size_t MinHeapSize                              = 8388608                                   {product} {ergonomic}
    uintx NonNMethodCodeHeapSize                   = 7602480                                {pd product} {ergonomic}
    uintx NonProfiledCodeHeapSize                  = 122027880                              {pd product} {ergonomic}
    uintx ProfiledCodeHeapSize                     = 122027880                              {pd product} {ergonomic}
    uintx ReservedCodeCacheSize                    = 251658240                              {pd product} {ergonomic}
     bool SegmentedCodeCache                       = true                                      {product} {ergonomic}
   size_t SoftMaxHeapSize                          = 4217372672                             {manageable} {ergonomic}
     bool UseCompressedOops                        = true                           {product lp64_product} {ergonomic}
     bool UseG1GC                                  = true                                      {product} {ergonomic}
     bool UseLargePagesIndividualAllocation        = false                                  {pd product} {ergonomic}

Logging:
Log output configuration:
 #0: stdout all=warning uptime,level,tags foldmultilines=false
 #1: stderr all=off uptime,level,tags foldmultilines=false

Environment Variables:
JAVA_HOME=C:\Program Files\Java\jdk-17
PATH=C:\Program Files\Git\mingw64\libexec\git-core;C:\Program Files\Git\mingw64\libexec\git-core;C:\Program Files\Git\mingw64\bin;C:\Program Files\Git\usr\bin;C:\Users\msi\bin;E:\app\msi\virtual\product\12.2.0\dbhome_1\bin;C:\Python314\Scripts;C:\Python314;E:\vmwarevirt\bin;E:\python\Scripts;E:\python;C:\Program Files\Microsoft MPI\Bin;C:\Windows\system32;C:\Windows;C:\Windows\System32\Wbem;C:\Windows\System32\WindowsPowerShell\v1.0;C:\Windows\System32\OpenSSH;C:\Program Files (x86)\NVIDIA Corporation\PhysX\Common;C:\Program Files\dotnet;C:\WINDOWS\system32;C:\WINDOWS;C:\WINDOWS\System32\Wbem;C:\WINDOWS\System32\WindowsPowerShell\v1.0;C:\WINDOWS\System32\OpenSSH;C:\Program Files\Git\cmd;C:\Program Files (x86)\Microsoft SQL Server\160\Tools\Binn;C:\Program Files\Microsoft SQL Server\160\Tools\Binn;C:\Program Files\Microsoft SQL Server\Client SDK\ODBC\170\Tools\Binn;C:\Program Files\Microsoft SQL Server\160\DTS\Binn;C:\Program Files\Java\jdk-17\bin;C:\Users\msi\AppData\Local\Programs\cursor\resources\app\bin;C:\xampp\mysql\bin;C:\ProgramData\chocolatey\bin;C:\WINDOWS\system32;C:\WINDOWS;C:\WINDOWS\System32\Wbem;C:\WINDOWS\System32\WindowsPowerShell\v1.0;C:\WINDOWS\System32\OpenSSH;C:\Program Files\Microsoft SQL Server\150\Tools\Binn;E:\nodejs;C:\Program Files\MongoDB\Server\8.2\bin;C:\Program Files (x86)\Microsoft SQL Server\160\DTS\Binn;E:\putty;E:\Anaconda;E:\Anaconda\Library\mingw-w64\bin;E:\Anaconda\Library\usr\bin;E:\Anaconda\Library\bin;E:\Anaconda\Scripts;C:\Users\msi\Desktop\roop-unleashed-main\roop-unleashed-main\installer\installer_files\ffmpeg\bin;C:\Users\msi\Desktop\roop-unleashed-main\roop-unleashed-main\installer\installer_files\env;C:\Users\msi\Desktop\roop-unleashed-main\roop-unleashed-main\installer\installer_files\env\Library\mingw-w64\bin;C:\Users\msi\Desktop\roop-unleashed-main\roop-unleashed-main\installer\installer_files\env\Library\usr\bin;C:\Users\msi\Desktop\roop-unleashed-main\roop-unleashed-main\installer\installer_files\env\Library\bin;C:\Users\msi\Desktop\roop-unleashed-main\roop-unleashed-main\installer\installer_files\env\Scripts;C:\Users\msi\Desktop\roop-unleashed-main\roop-unleashed-main\installer\installer_files\env\bin;C:\Users\msi\Desktop\roop-unleashed-main\roop-unleashed-main\installer\installer_files\conda\condabin;C:\Program Files (x86)\VMware\VMware Player\bin;E:\python\Scripts;E:\python;C:\Windows\system32;C;E:\intellij\IntelliJ IDEA 2025.3\bin;E:\Windsurf\bin;C:\Users\msi\AppData\Local\Programs\Microsoft VS Code\bin;C:\Users\msi\AppData\Local\JetBrains\Toolbox\scripts;E:\Antigravity\bin
USERNAME=msi
DISPLAY=:0.0
LC_ALL=en_US.UTF-8
TERM=xterm-256color
TMPDIR=E:\Temp
OS=Windows_NT
PROCESSOR_IDENTIFIER=Intel64 Family 6 Model 154 Stepping 3, GenuineIntel
TMP=E:\Temp
TEMP=E:\Temp




Periodic native trim disabled

JNI global refs:
JNI global refs: 0, weak refs: 0

JNI global refs memory usage: 0, weak refs: 0

Process memory usage:
Resident Set Size: 12820K (0% of 16471208K total physical memory with 3083848K free physical memory)

OOME stack traces (most recent first):
Classloader memory used:

---------------  S Y S T E M  ---------------

OS:
 Windows 11 , 64 bit Build 26100 (10.0.26100.7309)
OS uptime: 0 days 2:21 hours

CPU: total 16 (initial active 16) (8 cores per cpu, 2 threads per core) family 6 model 154 stepping 3 microcode 0x424, cx8, cmov, fxsr, ht, mmx, 3dnowpref, sse, sse2, sse3, ssse3, sse4.1, sse4.2, popcnt, lzcnt, tsc, tscinvbit, avx, avx2, aes, erms, clmul, bmi1, bmi2, adx, sha, fma, vzeroupper, clflush, clflushopt, clwb, serialize, rdtscp, rdpid, fsrm, f16c, pku, cet_ibt, cet_ss
Processor Information for processor 0
  Max Mhz: 2300, Current Mhz: 2300, Mhz Limit: 2300
Processor Information for processor 1
  Max Mhz: 2300, Current Mhz: 1506, Mhz Limit: 2300
Processor Information for processor 2
  Max Mhz: 2300, Current Mhz: 1506, Mhz Limit: 2300
Processor Information for processor 3
  Max Mhz: 2300, Current Mhz: 1506, Mhz Limit: 2300
Processor Information for processor 4
  Max Mhz: 2300, Current Mhz: 2300, Mhz Limit: 2300
Processor Information for processor 5
  Max Mhz: 2300, Current Mhz: 2300, Mhz Limit: 2300
Processor Information for processor 6
  Max Mhz: 2300, Current Mhz: 2300, Mhz Limit: 2300
Processor Information for processor 7
  Max Mhz: 2300, Current Mhz: 1506, Mhz Limit: 2300
Processor Information for processor 8
  Max Mhz: 2300, Current Mhz: 1506, Mhz Limit: 2300
Processor Information for processor 9
  Max Mhz: 2300, Current Mhz: 1506, Mhz Limit: 2300
Processor Information for processor 10
  Max Mhz: 2300, Current Mhz: 1506, Mhz Limit: 2300
Processor Information for processor 11
  Max Mhz: 2300, Current Mhz: 1506, Mhz Limit: 2300
Processor Information for processor 12
  Max Mhz: 2300, Current Mhz: 2300, Mhz Limit: 2300
Processor Information for processor 13
  Max Mhz: 2300, Current Mhz: 2300, Mhz Limit: 2300
Processor Information for processor 14
  Max Mhz: 2300, Current Mhz: 2300, Mhz Limit: 2300
Processor Information for processor 15
  Max Mhz: 2300, Current Mhz: 2300, Mhz Limit: 2300

Memory: 4k page, system-wide physical 16085M (3011M free)
TotalPageFile size 22085M (AvailPageFile size 4M)
current process WorkingSet (physical memory assigned to process): 12M, peak: 12M
current process commit charge ("private bytes"): 60M, peak: 61M

vm_info: OpenJDK 64-Bit Server VM (21.0.8+9-b1163.69) for windows-amd64 JRE (21.0.8+9-b1163.69), built on 2025-10-24 by "builduser" with MS VC++ 16.10 / 16.11 (VS2019)

END.
